<?xml version="1.0" encoding="UTF-8"?>
<testsuite name="example.PerroTest" tests="7" skipped="0" failures="0" errors="0" timestamp="2019-06-06T15:34:36" hostname="Arch" time="0.028">
  <properties/>
  <testcase name="debeAsegurarQuePerroComeDoggy" classname="example.PerroTest" time="0.009"/>
  <testcase name="debeAsegurarQuePerroTragaDoggy" classname="example.PerroTest" time="0.0"/>
  <testcase name="debeAsegurarQuePerroLadra" classname="example.PerroTest" time="0.001"/>
  <testcase name="debeAsegurarQueSePerroTieneCuatroPatas" classname="example.PerroTest" time="0.0"/>
  <testcase name="debeAsegurarQuePerroFelizMueveLaCola" classname="example.PerroTest" time="0.003"/>
  <testcase name="debeAsegurarQuePerroCaminaEnCuatroPatas" classname="example.PerroTest" time="0.003"/>
  <testcase name="debeAsegurarQuePerroEnojadoMuestraLosDientes" classname="example.PerroTest" time="0.0"/>
  <system-out><![CDATA[]]></system-out>
  <system-err><![CDATA[]]></system-err>
</testsuite>
